<?xml version="1.0" encoding="UTF-8"?>
<beans xmlns="http://www.springframework.org/schema/beans"
       xmlns:xsi="http://www.w3.org/2001/XMLSchema-instance"
       xmlns:jdbc="http://www.springframework.org/schema/jdbc"
       xmlns:jpa="http://www.springframework.org/schema/data/jpa"
       xsi:schemaLocation="http://www.springframework.org/schema/beans
            http://www.springframework.org/schema/beans/spring-beans-4.0.xsd
            http://www.springframework.org/schema/jdbc
            http://www.springframework.org/schema/jdbc/spring-jdbc-4.0.xsd
            http://www.springframework.org/schema/data/jpa
            http://www.springframework.org/schema/data/jpa/spring-jpa-1.3.xsd">


    <jdbc:embedded-database id="dataSource" type="HSQL">
<!--
        <jdbc:script location="db-compatibility-mode.sql" />
-->
        <jdbc:script location="db-schema.sql" />
        <jdbc:script location="db-test-data.sql" />
    </jdbc:embedded-database>


    <jpa:repositories base-package="com.prototype.merchant"/>


    <bean id="entityManagerFactory" class="org.springframework.orm.jpa.LocalContainerEntityManagerFactoryBean">
        <property name="dataSource" ref="dataSource" />
        <property name="packagesToScan" value="com.prototype.merchant" />
        <property name="jpaProperties">
            <props>
                <prop key="hibernate.current_session_context_class">org.springframework.orm.hibernate4.SpringSessionContext</prop>
            </props>
        </property>
        <property name="jpaVendorAdapter">
            <bean class="org.springframework.orm.jpa.vendor.HibernateJpaVendorAdapter">
                <!--property name="showSql" value="true" /-->
                <property name="generateDdl" value="true"/>
                <property name="database" value="HSQL" />
            </bean>
        </property>
    </bean>


    <bean id="transactionManager" class="org.springframework.orm.jpa.JpaTransactionManager">
        <property name="entityManagerFactory" ref="entityManagerFactory" />
    </bean>

</beans>